[INFO] Scanning for projects...
[INFO] 
[INFO] ------------------------< luv2code:taskmanager >------------------------
[INFO] Building  0.0.1-SNAPSHOT
[INFO]   from pom.xml
[INFO] --------------------------------[ jar ]---------------------------------
[INFO] 
[INFO] >>> spring-boot:3.3.0:run (default-cli) > test-compile @ taskmanager >>>
[INFO] 
[INFO] --- resources:3.3.1:resources (default-resources) @ taskmanager ---
[INFO] Copying 1 resource from src/main/resources to target/classes
[INFO] Copying 0 resource from src/main/resources to target/classes
[INFO] 
[INFO] --- compiler:3.13.0:compile (default-compile) @ taskmanager ---
[INFO] Nothing to compile - all classes are up to date.
[INFO] 
[INFO] --- resources:3.3.1:testResources (default-testResources) @ taskmanager ---
[INFO] skip non existing resourceDirectory /Users/ushanthaarachchi/Documents/GitHub/task-manager-web/backend/src/test/resources
[INFO] 
[INFO] --- compiler:3.13.0:testCompile (default-testCompile) @ taskmanager ---
[INFO] Nothing to compile - all classes are up to date.
[INFO] 
[INFO] <<< spring-boot:3.3.0:run (default-cli) < test-compile @ taskmanager <<<
[INFO] 
[INFO] 
[INFO] --- spring-boot:3.3.0:run (default-cli) @ taskmanager ---
[INFO] Attaching agents: []
  .   ____          _            __ _ _
 /\\ / ___'_ __ _ _(_)_ __  __ _ \ \ \ \
( ( )\___ | '_ | '_| | '_ \/ _` | \ \ \ \
 \\/  ___)| |_)| | | | | || (_| |  ) ) ) )
  '  |____| .__|_| |_|_| |_\__, | / / / /
 =========|_|==============|___/=/_/_/_/

 :: Spring Boot ::                (v3.3.0)

2026-03-19T12:40:48.817+05:30  INFO 41993 --- [taskmanager] [           main] l.taskmanager.TaskmanagerApplication     : Starting TaskmanagerApplication using Java 21.0.7 with PID 41993 (/Users/ushanthaarachchi/Documents/GitHub/task-manager-web/backend/target/classes started by ushanthaarachchi in /Users/ushanthaarachchi/Documents/GitHub/task-manager-web/backend)
2026-03-19T12:40:48.818+05:30 DEBUG 41993 --- [taskmanager] [           main] l.taskmanager.TaskmanagerApplication     : Running with Spring Boot v3.3.0, Spring v6.1.8
2026-03-19T12:40:48.818+05:30  INFO 41993 --- [taskmanager] [           main] l.taskmanager.TaskmanagerApplication     : No active profile set, falling back to 1 default profile: "default"
2026-03-19T12:40:49.014+05:30  INFO 41993 --- [taskmanager] [           main] .s.d.r.c.RepositoryConfigurationDelegate : Bootstrapping Spring Data MongoDB repositories in DEFAULT mode.
2026-03-19T12:40:49.037+05:30  INFO 41993 --- [taskmanager] [           main] .s.d.r.c.RepositoryConfigurationDelegate : Finished Spring Data repository scanning in 22 ms. Found 2 MongoDB repository interfaces.
2026-03-19T12:40:49.179+05:30  INFO 41993 --- [taskmanager] [           main] o.s.b.w.embedded.tomcat.TomcatWebServer  : Tomcat initialized with port 8082 (http)
2026-03-19T12:40:49.183+05:30  INFO 41993 --- [taskmanager] [           main] o.apache.catalina.core.StandardService   : Starting service [Tomcat]
2026-03-19T12:40:49.183+05:30  INFO 41993 --- [taskmanager] [           main] o.apache.catalina.core.StandardEngine    : Starting Servlet engine: [Apache Tomcat/10.1.24]
2026-03-19T12:40:49.200+05:30  INFO 41993 --- [taskmanager] [           main] o.a.c.c.C.[Tomcat].[localhost].[/]       : Initializing Spring embedded WebApplicationContext
2026-03-19T12:40:49.201+05:30  INFO 41993 --- [taskmanager] [           main] w.s.c.ServletWebServerApplicationContext : Root WebApplicationContext: initialization completed in 367 ms
2026-03-19T12:40:49.218+05:30 DEBUG 41993 --- [taskmanager] [           main] l.t.security.JwtAuthenticationFilter     : Filter 'jwtAuthenticationFilter' configured for use
2026-03-19T12:40:49.270+05:30  INFO 41993 --- [taskmanager] [           main] org.mongodb.driver.client                : MongoClient with metadata {"driver": {"name": "mongo-java-driver|sync|spring-boot", "version": "5.0.1"}, "os": {"type": "Darwin", "name": "Mac OS X", "architecture": "aarch64", "version": "26.3.1"}, "platform": "Java/Oracle Corporation/21.0.7+8-LTS-245"} created with settings MongoClientSettings{readPreference=primary, writeConcern=WriteConcern{w=null, wTimeout=null ms, journal=null}, retryWrites=true, retryReads=true, readConcern=ReadConcern{level=null}, credential=null, transportSettings=null, commandListeners=[], codecRegistry=ProvidersCodecRegistry{codecProviders=[ValueCodecProvider{}, BsonValueCodecProvider{}, DBRefCodecProvider{}, DBObjectCodecProvider{}, DocumentCodecProvider{}, CollectionCodecProvider{}, IterableCodecProvider{}, MapCodecProvider{}, GeoJsonCodecProvider{}, GridFSFileCodecProvider{}, Jsr310CodecProvider{}, JsonObjectCodecProvider{}, BsonCodecProvider{}, EnumCodecProvider{}, com.mongodb.client.model.mql.ExpressionCodecProvider@62a68bcb, com.mongodb.Jep395RecordCodecProvider@18b74ea, com.mongodb.KotlinCodecProvider@14924f41]}, loggerSettings=LoggerSettings{maxDocumentLength=1000}, clusterSettings={hosts=[localhost:27017], srvServiceName=mongodb, mode=SINGLE, requiredClusterType=UNKNOWN, requiredReplicaSetName='null', serverSelector='null', clusterListeners='[]', serverSelectionTimeout='30000 ms', localThreshold='15 ms'}, socketSettings=SocketSettings{connectTimeoutMS=10000, readTimeoutMS=0, receiveBufferSize=0, proxySettings=ProxySettings{host=null, port=null, username=null, password=null}}, heartbeatSocketSettings=SocketSettings{connectTimeoutMS=10000, readTimeoutMS=10000, receiveBufferSize=0, proxySettings=ProxySettings{host=null, port=null, username=null, password=null}}, connectionPoolSettings=ConnectionPoolSettings{maxSize=100, minSize=0, maxWaitTimeMS=120000, maxConnectionLifeTimeMS=0, maxConnectionIdleTimeMS=0, maintenanceInitialDelayMS=0, maintenanceFrequencyMS=60000, connectionPoolListeners=[], maxConnecting=2}, serverSettings=ServerSettings{heartbeatFrequencyMS=10000, minHeartbeatFrequencyMS=500, serverListeners='[]', serverMonitorListeners='[]'}, sslSettings=SslSettings{enabled=false, invalidHostNameAllowed=false, context=null}, applicationName='null', compressorList=[], uuidRepresentation=JAVA_LEGACY, serverApi=null, autoEncryptionSettings=null, dnsClient=null, inetAddressResolver=null, contextProvider=null}
2026-03-19T12:40:49.284+05:30  INFO 41993 --- [taskmanager] [localhost:27017] org.mongodb.driver.cluster               : Monitor thread successfully connected to server with description ServerDescription{address=localhost:27017, type=STANDALONE, state=CONNECTED, ok=true, minWireVersion=0, maxWireVersion=27, maxDocumentSize=16777216, logicalSessionTimeoutMinutes=30, roundTripTimeNanos=6665833}
2026-03-19T12:40:49.481+05:30  INFO 41993 --- [taskmanager] [           main] o.s.s.web.DefaultSecurityFilterChain     : Will secure any request with [org.springframework.security.web.session.DisableEncodeUrlFilter@661e1399, org.springframework.security.web.context.request.async.WebAsyncManagerIntegrationFilter@3ffd4b12, org.springframework.security.web.context.SecurityContextHolderFilter@27ffd9f8, org.springframework.security.web.header.HeaderWriterFilter@4f213a2, org.springframework.web.filter.CorsFilter@424f02b8, org.springframework.security.web.authentication.logout.LogoutFilter@4e974b9e, luv2code.taskmanager.security.JwtAuthenticationFilter@57f9b467, org.springframework.security.web.savedrequest.RequestCacheAwareFilter@3ace6346, org.springframework.security.web.servletapi.SecurityContextHolderAwareRequestFilter@6c5ca0b6, org.springframework.security.web.authentication.AnonymousAuthenticationFilter@2ad7bd26, org.springframework.security.web.session.SessionManagementFilter@159ac15f, org.springframework.security.web.access.ExceptionTranslationFilter@78b0ec3a, org.springframework.security.web.access.intercept.AuthorizationFilter@274fdea6]
2026-03-19T12:40:49.532+05:30  INFO 41993 --- [taskmanager] [           main] o.s.b.w.embedded.tomcat.TomcatWebServer  : Tomcat started on port 8082 (http) with context path '/'
2026-03-19T12:40:49.536+05:30  INFO 41993 --- [taskmanager] [           main] l.taskmanager.TaskmanagerApplication     : Started TaskmanagerApplication in 0.838 seconds (process running for 0.946)
2026-03-19T12:41:21.003+05:30  INFO 41993 --- [taskmanager] [nio-8082-exec-1] o.a.c.c.C.[Tomcat].[localhost].[/]       : Initializing Spring DispatcherServlet 'dispatcherServlet'
2026-03-19T12:41:21.003+05:30  INFO 41993 --- [taskmanager] [nio-8082-exec-1] o.s.web.servlet.DispatcherServlet        : Initializing Servlet 'dispatcherServlet'
2026-03-19T12:41:21.004+05:30  INFO 41993 --- [taskmanager] [nio-8082-exec-1] o.s.web.servlet.DispatcherServlet        : Completed initialization in 1 ms
2026-03-19T12:41:21.062+05:30 DEBUG 41993 --- [taskmanager] [nio-8082-exec-2] l.t.security.JwtAuthenticationFilter     : Set authentication for user: 69bb9d0ef0d27a0df94f167b
2026-03-19T12:41:21.072+05:30 DEBUG 41993 --- [taskmanager] [nio-8082-exec-2] l.taskmanager.controller.AuthController  : Token validation request
2026-03-19T12:41:21.098+05:30 DEBUG 41993 --- [taskmanager] [nio-8082-exec-4] l.t.security.JwtAuthenticationFilter     : Set authentication for user: 69bb9d0ef0d27a0df94f167b
2026-03-19T12:41:21.100+05:30  INFO 41993 --- [taskmanager] [nio-8082-exec-4] l.taskmanager.controller.TaskController  : Get all tasks endpoint called
2026-03-19T12:41:21.100+05:30 DEBUG 41993 --- [taskmanager] [nio-8082-exec-4] l.taskmanager.controller.TaskController  : Retrieving all tasks for user: 69bb9d0ef0d27a0df94f167b
2026-03-19T12:41:21.100+05:30  INFO 41993 --- [taskmanager] [nio-8082-exec-4] l.taskmanager.service.TaskService        : Fetching all tasks for user: 69bb9d0ef0d27a0df94f167b
2026-03-19T12:41:33.422+05:30 DEBUG 41993 --- [taskmanager] [nio-8082-exec-6] l.t.security.JwtAuthenticationFilter     : Set authentication for user: 69bb9d0ef0d27a0df94f167b
2026-03-19T12:41:33.426+05:30  INFO 41993 --- [taskmanager] [nio-8082-exec-6] l.taskmanager.controller.TaskController  : Toggle starred endpoint called for task: 69bb9fe6bffd2a149d403118
2026-03-19T12:41:33.426+05:30  INFO 41993 --- [taskmanager] [nio-8082-exec-6] l.taskmanager.service.TaskService        : Toggling starred status for task: 69bb9fe6bffd2a149d403118 for user: 69bb9d0ef0d27a0df94f167b
2026-03-19T12:41:33.946+05:30 DEBUG 41993 --- [taskmanager] [nio-8082-exec-7] l.t.security.JwtAuthenticationFilter     : Set authentication for user: 69bb9d0ef0d27a0df94f167b
2026-03-19T12:41:33.947+05:30  INFO 41993 --- [taskmanager] [nio-8082-exec-7] l.taskmanager.controller.TaskController  : Toggle starred endpoint called for task: 69bb9fe6bffd2a149d403118
2026-03-19T12:41:33.947+05:30  INFO 41993 --- [taskmanager] [nio-8082-exec-7] l.taskmanager.service.TaskService        : Toggling starred status for task: 69bb9fe6bffd2a149d403118 for user: 69bb9d0ef0d27a0df94f167b
2026-03-19T12:41:35.635+05:30 DEBUG 41993 --- [taskmanager] [nio-8082-exec-9] l.t.security.JwtAuthenticationFilter     : Set authentication for user: 69bb9d0ef0d27a0df94f167b
2026-03-19T12:41:35.637+05:30  INFO 41993 --- [taskmanager] [nio-8082-exec-9] l.taskmanager.controller.TaskController  : Update task status endpoint called for task: 69bb9fe6bffd2a149d403118
2026-03-19T12:41:35.637+05:30  INFO 41993 --- [taskmanager] [nio-8082-exec-9] l.taskmanager.service.TaskService        : Updating task 69bb9fe6bffd2a149d403118 status to: COMPLETED for user: 69bb9d0ef0d27a0df94f167b
2026-03-19T12:42:00.403+05:30 DEBUG 41993 --- [taskmanager] [nio-8082-exec-1] l.t.security.JwtAuthenticationFilter     : Set authentication for user: 69bb9d0ef0d27a0df94f167b
2026-03-19T12:42:00.431+05:30  INFO 41993 --- [taskmanager] [nio-8082-exec-1] l.taskmanager.controller.TaskController  : Create task endpoint called
2026-03-19T12:42:00.431+05:30 DEBUG 41993 --- [taskmanager] [nio-8082-exec-1] l.taskmanager.controller.TaskController  : Creating task for user: 69bb9d0ef0d27a0df94f167b
2026-03-19T12:42:00.431+05:30  INFO 41993 --- [taskmanager] [nio-8082-exec-1] l.taskmanager.service.TaskService        : Creating task for user: 69bb9d0ef0d27a0df94f167b with title: jjjjjjjjjj
2026-03-19T12:42:00.436+05:30  INFO 41993 --- [taskmanager] [nio-8082-exec-1] l.taskmanager.service.TaskService        : Task created with id: 69bba1c08733e03b2995dd60
2026-03-19T12:42:00.446+05:30 DEBUG 41993 --- [taskmanager] [nio-8082-exec-2] l.t.security.JwtAuthenticationFilter     : Set authentication for user: 69bb9d0ef0d27a0df94f167b
2026-03-19T12:42:00.447+05:30  INFO 41993 --- [taskmanager] [nio-8082-exec-2] l.taskmanager.controller.TaskController  : Get all tasks endpoint called
2026-03-19T12:42:00.447+05:30 DEBUG 41993 --- [taskmanager] [nio-8082-exec-2] l.taskmanager.controller.TaskController  : Retrieving all tasks for user: 69bb9d0ef0d27a0df94f167b
2026-03-19T12:42:00.447+05:30  INFO 41993 --- [taskmanager] [nio-8082-exec-2] l.taskmanager.service.TaskService        : Fetching all tasks for user: 69bb9d0ef0d27a0df94f167b
[INFO] ------------------------------------------------------------------------
[INFO] BUILD FAILURE
[INFO] ------------------------------------------------------------------------
[INFO] Total time:  03:34 min
[INFO] Finished at: 2026-03-19T12:44:22+05:30
[INFO] ------------------------------------------------------------------------
[ERROR] Failed to execute goal org.springframework.boot:spring-boot-maven-plugin:3.3.0:run (default-cli) on project taskmanager: Process terminated with exit code: 137 -> [Help 1]
[ERROR] 
[ERROR] To see the full stack trace of the errors, re-run Maven with the -e switch.
[ERROR] Re-run Maven using the -X switch to enable full debug logging.
[ERROR] 
[ERROR] For more information about the errors and possible solutions, please read the following articles:
[ERROR] [Help 1] http://cwiki.apache.org/confluence/display/MAVEN/MojoExecutionException
